<?xml version="1.0" encoding="UTF-8"?>
<!-- Generated by org.testng.reporters.JUnitReportReporter -->
<testsuite failures="0" tests="3" name="com.vaia.testscript.TestScript" time="23.632" errors="0" timestamp="2024-08-23T13:43:33 IST" skipped="2">
  <testcase classname="com.vaia.testscript.TestScript" name="testAlarmManagementPage" time="23.632"/>
  <system-out>
    <![CDATA[AlarmManagementPage]]>
  </system-out>
  <testcase classname="com.vaia.testscript.TestScript" name="testUserPage">
    <skipped/>
  </testcase> <!-- testUserPage -->
  <system-out/>
  <testcase classname="com.vaia.testscript.TestScript" name="testCustomerPage">
    <skipped/>
  </testcase> <!-- testCustomerPage -->
  <system-out/>
</testsuite> <!-- com.vaia.testscript.TestScript -->
