<?xml version="1.0" encoding="UTF-8"?>
<!-- Generated by org.testng.reporters.JUnitReportReporter -->
<testsuite failures="0" tests="3" name="com.vaia.testscript.TestScript" time="32.087" errors="0" timestamp="2024-08-13T16:33:02 IST" skipped="2">
  <testcase classname="com.vaia.testscript.TestScript" name="testUserPage" time="32.087"/>
  <system-out>
    <![CDATA[UserPage]]>
  </system-out>
  <testcase classname="com.vaia.testscript.TestScript" name="testCustomerPage">
    <skipped/>
  </testcase> <!-- testCustomerPage -->
  <system-out/>
  <testcase classname="com.vaia.testscript.TestScript" name="testAlarmManagementPage">
    <skipped/>
  </testcase> <!-- testAlarmManagementPage -->
  <system-out/>
</testsuite> <!-- com.vaia.testscript.TestScript -->
